Event backend in use: epoll
/adm/simul_efun/object.c line 78: Warning: Unused local variable 'unique_data' before   
/adm/simul_efun/path.c line 43: Warning: Unused local variable 't2' before      
/adm/simul_efun/path.c line 43: Warning: Unused local variable 't3' before      
/adm/simul_efun/path.c line 43: Warning: Unused local variable 't4' before      

Loading preload files ...
/adm/daemons/securityd...
/adm/daemons/encoded...
/adm/daemons/eventd...
/adm/daemons/virtuald...
/adm/daemons/cmd_d...
/adm/daemons/chinesed...
/adm/daemons/emoted...
/adm/daemons/aliasd...
/adm/daemons/fingerd...
/adm/daemons/channeld...
/adm/daemons/natured...
/adm/daemons/ftpd...
/adm/daemons/network/dns_master...
/adm/daemons/taskd...
/adm/daemons/tasknpcd...
/adm/daemons/whod...
/adm/daemons/logind...
/adm/daemons/voted...
/adm/daemons/itemd...
/obj/void...
Accepting connections on 0.0.0.0:6666.
Initializations complete.

******** FATAL ERROR: SIGINT: Process interrupted
FluffOS driver attempting to exit gracefully.
crash() in master called successfully.  Aborting.
